PLINK v1.90b6.7 64-bit (2 Dec 2018)
Options in effect:
  --allow-no-sex
  --bfile /home/cmcouto-silva/cmcouto.silva@usp.br/lab_files/all_datasets/1000G/vcf/SNP/chr2_kelly
  --fst case-control
  --out out

Hostname: datascience-ib
Working directory: /home/cmcouto-silva/cmcouto.silva@usp.br/R/packages/gdstat
Start time: Fri May 31 20:47:20 2019

Random number seed: 1559346440
32158 MB RAM detected; reserving 16079 MB for main workspace.
582964 variants loaded from .bim file.
1511 people (0 males, 0 females, 1511 ambiguous) loaded from .fam.
Ambiguous sex IDs written to out.nosex .
1007 phenotype values loaded from .fam.
Using 1 thread (no multithreaded calculations invoked).
Before main variant filters, 1511 founders and 0 nonfounders present.
Calculating allele frequencies... done.
582964 variants and 1511 people pass filters and QC.
Among remaining phenotypes, 504 are cases and 503 are controls.  (504
phenotypes are missing.)
Writing --fst report (2 populations) to out.fst ... done.
582363 markers with valid Fst estimates (601 excluded).
Mean Fst estimate: 0.125814
Weighted Fst estimate: 0.151385

End time: Fri May 31 20:47:21 2019
